<?xml version="1.0" encoding="UTF-8"?>
<coverage generated="1758464054797" clover="3.2.0">
  <project timestamp="1758464054797" name="All files">
    <metrics statements="41" coveredstatements="39" conditionals="15" coveredconditionals="15" methods="5" coveredmethods="5" elements="61" coveredelements="59" complexity="0" loc="41" ncloc="41" packages="3" files="3" classes="3"/>
    <package name="Jenkins">
      <metrics statements="20" coveredstatements="19" conditionals="5" coveredconditionals="5" methods="2" coveredmethods="2"/>
      <file name="Jenkins.node.ts" path="C:\Users\admin\lab-sample\jenkins\OpFlow\nodes\nodes\Jenkins\Jenkins.node.ts">
        <metrics statements="20" coveredstatements="19" conditionals="5" coveredconditionals="5" methods="2" coveredmethods="2"/>
        <line num="1" count="2" type="stmt"/>
        <line num="10" count="2" type="stmt"/>
        <line num="11" count="10" type="stmt"/>
        <line num="92" count="5" type="stmt"/>
        <line num="93" count="5" type="stmt"/>
        <line num="94" count="5" type="stmt"/>
        <line num="96" count="5" type="stmt"/>
        <line num="97" count="5" type="stmt"/>
        <line num="98" count="5" type="cond" truecount="2" falsecount="0"/>
        <line num="99" count="2" type="stmt"/>
        <line num="101" count="2" type="stmt"/>
        <line num="107" count="3" type="cond" truecount="2" falsecount="0"/>
        <line num="108" count="2" type="stmt"/>
        <line num="109" count="2" type="stmt"/>
        <line num="111" count="2" type="stmt"/>
        <line num="120" count="1" type="stmt"/>
        <line num="124" count="1" type="cond" truecount="1" falsecount="0"/>
        <line num="125" count="1" type="stmt"/>
        <line num="127" count="0" type="stmt"/>
        <line num="130" count="4" type="stmt"/>
      </file>
    </package>
    <package name="Vault">
      <metrics statements="20" coveredstatements="19" conditionals="10" coveredconditionals="10" methods="2" coveredmethods="2"/>
      <file name="Vault.node.ts" path="C:\Users\admin\lab-sample\jenkins\OpFlow\nodes\nodes\Vault\Vault.node.ts">
        <metrics statements="20" coveredstatements="19" conditionals="10" coveredconditionals="10" methods="2" coveredmethods="2"/>
        <line num="1" count="2" type="stmt"/>
        <line num="10" count="2" type="stmt"/>
        <line num="11" count="13" type="stmt"/>
        <line num="94" count="8" type="stmt"/>
        <line num="95" count="8" type="stmt"/>
        <line num="96" count="8" type="stmt"/>
        <line num="98" count="8" type="stmt"/>
        <line num="99" count="8" type="stmt"/>
        <line num="100" count="8" type="stmt"/>
        <line num="102" count="8" type="cond" truecount="2" falsecount="0"/>
        <line num="104" count="2" type="stmt"/>
        <line num="111" count="6" type="cond" truecount="4" falsecount="0"/>
        <line num="112" count="4" type="stmt"/>
        <line num="114" count="3" type="stmt"/>
        <line num="121" count="2" type="cond" truecount="1" falsecount="0"/>
        <line num="123" count="2" type="stmt"/>
        <line num="133" count="1" type="cond" truecount="1" falsecount="0"/>
        <line num="134" count="1" type="stmt"/>
        <line num="136" count="0" type="stmt"/>
        <line num="139" count="7" type="stmt"/>
      </file>
    </package>
    <package name="__tests__">
      <metrics statements="1" coveredstatements="1" conditionals="0" coveredconditionals="0" methods="1" coveredmethods="1"/>
      <file name="test-helpers.ts" path="C:\Users\admin\lab-sample\jenkins\OpFlow\nodes\nodes\__tests__\test-helpers.ts">
        <metrics statements="1" coveredstatements="1" conditionals="0" coveredconditionals="0" methods="1" coveredmethods="1"/>
        <line num="3" count="12" type="stmt"/>
      </file>
    </package>
  </project>
</coverage>
