{"C:\\Users\\admin\\lab-sample\\jenkins\\OpFlow\\nodes\\nodes\\Jenkins\\Jenkins.node.ts": {"path":"C:\\Users\\admin\\lab-sample\\jenkins\\OpFlow\\nodes\\nodes\\Jenkins\\Jenkins.node.ts","statementMap":{"0":{"start":{"line":1,"column":0},"end":{"line":1,"column":null}},"1":{"start":{"line":11,"column":2},"end":{"line":89,"column":4}},"2":{"start":{"line":92,"column":18},"end":{"line":92,"column":37}},"3":{"start":{"line":93,"column":45},"end":{"line":93,"column":47}},"4":{"start":{"line":94,"column":22},"end":{"line":94,"column":69}},"5":{"start":{"line":96,"column":4},"end":{"line":128,"column":5}},"6":{"start":{"line":97,"column":6},"end":{"line":122,"column":7}},"7":{"start":{"line":97,"column":19},"end":{"line":97,"column":20}},"8":{"start":{"line":98,"column":8},"end":{"line":121,"column":9}},"9":{"start":{"line":99,"column":26},"end":{"line":99,"column":71}},"10":{"start":{"line":101,"column":10},"end":{"line":106,"column":13}},"11":{"start":{"line":107,"column":15},"end":{"line":121,"column":9}},"12":{"start":{"line":108,"column":26},"end":{"line":108,"column":71}},"13":{"start":{"line":109,"column":30},"end":{"line":109,"column":79}},"14":{"start":{"line":111,"column":10},"end":{"line":118,"column":13}},"15":{"start":{"line":120,"column":10},"end":{"line":120,"column":61}},"16":{"start":{"line":124,"column":6},"end":{"line":126,"column":7}},"17":{"start":{"line":125,"column":8},"end":{"line":125,"column":68}},"18":{"start":{"line":127,"column":6},"end":{"line":127,"column":80}},"19":{"start":{"line":130,"column":4},"end":{"line":130,"column":24}},"20":{"start":{"line":10,"column":0},"end":{"line":10,"column":13}}},"fnMap":{"0":{"name":"(anonymous_0)","decl":{"start":{"line":10,"column":0},"end":{"line":10,"column":13}},"loc":{"start":{"line":10,"column":0},"end":{"line":132,"column":1}}},"1":{"name":"(anonymous_1)","decl":{"start":{"line":91,"column":2},"end":{"line":91,"column":7}},"loc":{"start":{"line":91,"column":15},"end":{"line":131,"column":3}}}},"branchMap":{"0":{"loc":{"start":{"line":98,"column":8},"end":{"line":121,"column":9}},"type":"if","locations":[{"start":{"line":98,"column":8},"end":{"line":121,"column":9}},{"start":{"line":107,"column":15},"end":{"line":121,"column":9}}]},"1":{"loc":{"start":{"line":107,"column":15},"end":{"line":121,"column":9}},"type":"if","locations":[{"start":{"line":107,"column":15},"end":{"line":121,"column":9}},{"start":{"line":119,"column":15},"end":{"line":121,"column":9}}]},"2":{"loc":{"start":{"line":124,"column":6},"end":{"line":126,"column":7}},"type":"if","locations":[{"start":{"line":124,"column":6},"end":{"line":126,"column":7}}]}},"s":{"0":2,"1":10,"2":5,"3":5,"4":5,"5":5,"6":5,"7":5,"8":5,"9":2,"10":2,"11":3,"12":2,"13":2,"14":2,"15":1,"16":1,"17":1,"18":0,"19":4,"20":2},"f":{"0":10,"1":5},"b":{"0":[2,3],"1":[2,1],"2":[1]}}
,"C:\\Users\\admin\\lab-sample\\jenkins\\OpFlow\\nodes\\nodes\\Vault\\Vault.node.ts": {"path":"C:\\Users\\admin\\lab-sample\\jenkins\\OpFlow\\nodes\\nodes\\Vault\\Vault.node.ts","statementMap":{"0":{"start":{"line":1,"column":0},"end":{"line":1,"column":null}},"1":{"start":{"line":11,"column":2},"end":{"line":91,"column":4}},"2":{"start":{"line":94,"column":18},"end":{"line":94,"column":37}},"3":{"start":{"line":95,"column":45},"end":{"line":95,"column":47}},"4":{"start":{"line":96,"column":22},"end":{"line":96,"column":69}},"5":{"start":{"line":98,"column":4},"end":{"line":137,"column":5}},"6":{"start":{"line":99,"column":6},"end":{"line":131,"column":7}},"7":{"start":{"line":99,"column":19},"end":{"line":99,"column":20}},"8":{"start":{"line":100,"column":21},"end":{"line":100,"column":63}},"9":{"start":{"line":102,"column":8},"end":{"line":130,"column":9}},"10":{"start":{"line":104,"column":10},"end":{"line":110,"column":13}},"11":{"start":{"line":111,"column":15},"end":{"line":130,"column":9}},"12":{"start":{"line":112,"column":29},"end":{"line":112,"column":89}},"13":{"start":{"line":114,"column":10},"end":{"line":120,"column":13}},"14":{"start":{"line":121,"column":15},"end":{"line":130,"column":9}},"15":{"start":{"line":123,"column":10},"end":{"line":129,"column":13}},"16":{"start":{"line":133,"column":6},"end":{"line":135,"column":7}},"17":{"start":{"line":134,"column":8},"end":{"line":134,"column":68}},"18":{"start":{"line":136,"column":6},"end":{"line":136,"column":80}},"19":{"start":{"line":139,"column":4},"end":{"line":139,"column":24}},"20":{"start":{"line":10,"column":0},"end":{"line":10,"column":13}}},"fnMap":{"0":{"name":"(anonymous_0)","decl":{"start":{"line":10,"column":0},"end":{"line":10,"column":13}},"loc":{"start":{"line":10,"column":0},"end":{"line":141,"column":1}}},"1":{"name":"(anonymous_1)","decl":{"start":{"line":93,"column":2},"end":{"line":93,"column":7}},"loc":{"start":{"line":93,"column":15},"end":{"line":140,"column":3}}}},"branchMap":{"0":{"loc":{"start":{"line":102,"column":8},"end":{"line":130,"column":9}},"type":"if","locations":[{"start":{"line":102,"column":8},"end":{"line":130,"column":9}},{"start":{"line":111,"column":15},"end":{"line":130,"column":9}}]},"1":{"loc":{"start":{"line":111,"column":15},"end":{"line":130,"column":9}},"type":"if","locations":[{"start":{"line":111,"column":15},"end":{"line":130,"column":9}},{"start":{"line":121,"column":15},"end":{"line":130,"column":9}}]},"2":{"loc":{"start":{"line":111,"column":19},"end":{"line":111,"column":78}},"type":"binary-expr","locations":[{"start":{"line":111,"column":19},"end":{"line":111,"column":46}},{"start":{"line":111,"column":50},"end":{"line":111,"column":78}}]},"3":{"loc":{"start":{"line":118,"column":33},"end":{"line":118,"column":84}},"type":"cond-expr","locations":[{"start":{"line":118,"column":63},"end":{"line":118,"column":72}},{"start":{"line":118,"column":75},"end":{"line":118,"column":84}}]},"4":{"loc":{"start":{"line":121,"column":15},"end":{"line":130,"column":9}},"type":"if","locations":[{"start":{"line":121,"column":15},"end":{"line":130,"column":9}}]},"5":{"loc":{"start":{"line":133,"column":6},"end":{"line":135,"column":7}},"type":"if","locations":[{"start":{"line":133,"column":6},"end":{"line":135,"column":7}}]}},"s":{"0":2,"1":13,"2":8,"3":8,"4":8,"5":8,"6":8,"7":8,"8":8,"9":8,"10":2,"11":6,"12":4,"13":3,"14":2,"15":2,"16":1,"17":1,"18":0,"19":7,"20":2},"f":{"0":13,"1":8},"b":{"0":[2,6],"1":[4,2],"2":[6,3],"3":[2,1],"4":[2],"5":[1]}}
,"C:\\Users\\admin\\lab-sample\\jenkins\\OpFlow\\nodes\\nodes\\__tests__\\test-helpers.ts": {"path":"C:\\Users\\admin\\lab-sample\\jenkins\\OpFlow\\nodes\\nodes\\__tests__\\test-helpers.ts","statementMap":{"0":{"start":{"line":3,"column":41},"end":{"line":7,"column":35}},"1":{"start":{"line":3,"column":48},"end":{"line":7,"column":35}},"2":{"start":{"line":3,"column":13},"end":{"line":3,"column":41}}},"fnMap":{"0":{"name":"(anonymous_0)","decl":{"start":{"line":3,"column":41},"end":{"line":3,"column":44}},"loc":{"start":{"line":3,"column":48},"end":{"line":7,"column":35}}}},"branchMap":{},"s":{"0":2,"1":12,"2":2},"f":{"0":12},"b":{}}
}
