TN:
SF:nodes\Jenkins\Jenkins.node.ts
FN:10,(anonymous_0)
FN:91,(anonymous_1)
FNF:2
FNH:2
FNDA:10,(anonymous_0)
FNDA:5,(anonymous_1)
DA:1,2
DA:10,2
DA:11,10
DA:92,5
DA:93,5
DA:94,5
DA:96,5
DA:97,5
DA:98,5
DA:99,2
DA:101,2
DA:107,3
DA:108,2
DA:109,2
DA:111,2
DA:120,1
DA:124,1
DA:125,1
DA:127,0
DA:130,4
LF:20
LH:19
BRDA:98,0,0,2
BRDA:98,0,1,3
BRDA:107,1,0,2
BRDA:107,1,1,1
BRDA:124,2,0,1
BRF:5
BRH:5
end_of_record
TN:
SF:nodes\Vault\Vault.node.ts
FN:10,(anonymous_0)
FN:93,(anonymous_1)
FNF:2
FNH:2
FNDA:13,(anonymous_0)
FNDA:8,(anonymous_1)
DA:1,2
DA:10,2
DA:11,13
DA:94,8
DA:95,8
DA:96,8
DA:98,8
DA:99,8
DA:100,8
DA:102,8
DA:104,2
DA:111,6
DA:112,4
DA:114,3
DA:121,2
DA:123,2
DA:133,1
DA:134,1
DA:136,0
DA:139,7
LF:20
LH:19
BRDA:102,0,0,2
BRDA:102,0,1,6
BRDA:111,1,0,4
BRDA:111,1,1,2
BRDA:111,2,0,6
BRDA:111,2,1,3
BRDA:118,3,0,2
BRDA:118,3,1,1
BRDA:121,4,0,2
BRDA:133,5,0,1
BRF:10
BRH:10
end_of_record
TN:
SF:nodes\__tests__\test-helpers.ts
FN:3,(anonymous_0)
FNF:1
FNH:1
FNDA:12,(anonymous_0)
DA:3,12
LF:1
LH:1
BRF:0
BRH:0
end_of_record
